 # sepn   no. sepns within range, per species (e.g. (1,1); (1,2); (2,2))
   1.74687     0.00000    0.00003    0.00000
   1.77340     0.00000    0.00005    0.00000
   1.79993     0.00000    0.00016    0.00000
   1.82646     0.00000    0.00024    0.00000
   1.85299     0.00000    0.00044    0.00000
   1.87952     0.00000    0.00089    0.00000
   1.90606     0.00000    0.00115    0.00000
   1.93259     0.00000    0.00182    0.00000
   1.95912     0.00000    0.00263    0.00000
   1.98565     0.00000    0.00367    0.00000
   2.01218     0.00000    0.00495    0.00000
   2.03871     0.00000    0.00672    0.00000
   2.06524     0.00000    0.00818    0.00000
   2.09177     0.00000    0.00991    0.00000
   2.11831     0.00000    0.01153    0.00000
   2.14484     0.00000    0.01286    0.00000
   2.17137     0.00000    0.01453    0.00000
   2.19790     0.00000    0.01600    0.00000
   2.22443     0.00000    0.01711    0.00000
   2.25096     0.00000    0.01834    0.00000
   2.27749     0.00000    0.01936    0.00004
   2.30402     0.00000    0.01973    0.00003
   2.33056     0.00000    0.01978    0.00008
   2.35709     0.00000    0.02004    0.00008
   2.38362     0.00000    0.01977    0.00011
   2.41015     0.00000    0.02081    0.00011
   2.43668     0.00000    0.01882    0.00011
   2.46321     0.00001    0.01901    0.00012
   2.48974     0.00001    0.01757    0.00010
   2.51627     0.00001    0.01691    0.00015
   2.54281     0.00001    0.01578    0.00020
   2.56934     0.00000    0.01538    0.00027
   2.59587     0.00001    0.01433    0.00032
   2.62240     0.00000    0.01300    0.00039
   2.64893     0.00007    0.01197    0.00074
   2.67546     0.00012    0.01111    0.00094
   2.70199     0.00017    0.01039    0.00110
   2.72853     0.00029    0.00940    0.00134
   2.75506     0.00039    0.00883    0.00182
   2.78159     0.00056    0.00769    0.00209
   2.80812     0.00096    0.00705    0.00246
   2.83465     0.00139    0.00601    0.00350
   2.86118     0.00193    0.00542    0.00406
   2.88771     0.00224    0.00459    0.00467
   2.91424     0.00312    0.00400    0.00631
   2.94078     0.00462    0.00363    0.00761
   2.96731     0.00613    0.00311    0.00862
   2.99384     0.00750    0.00267    0.00989
   3.02037     0.00954    0.00218    0.01216
   3.04690     0.01236    0.00194    0.01473
   3.07343     0.01446    0.00174    0.01601
   3.09996     0.01750    0.00137    0.01868
   3.12649     0.02029    0.00125    0.02115
   3.15303     0.02270    0.00095    0.02259
   3.17956     0.02637    0.00077    0.02469
   3.20609     0.02939    0.00054    0.02646
   3.23262     0.03385    0.00052    0.02721
   3.25915     0.03571    0.00052    0.03094
   3.28568     0.03626    0.00048    0.03214
   3.31221     0.03958    0.00040    0.03438
   3.33874     0.04054    0.00037    0.03458
   3.36528     0.04103    0.00044    0.03618
   3.39181     0.04153    0.00049    0.03582
   3.41834     0.04463    0.00048    0.03883
   3.44487     0.04281    0.00057    0.03618
   3.47140     0.04283    0.00077    0.03603
   3.49793     0.04099    0.00100    0.03463
   3.52446     0.03885    0.00130    0.03481
   3.55100     0.03833    0.00141    0.03305
   3.57753     0.03295    0.00198    0.03192
   3.60406     0.02976    0.00245    0.03042
   3.63059     0.02778    0.00276    0.02863
   3.65712     0.02576    0.00325    0.02653
   3.68365     0.02396    0.00394    0.02396
   3.71018     0.02089    0.00454    0.02262
   3.73671     0.01905    0.00566    0.02003
   3.76325     0.01559    0.00701    0.01856
   3.78978     0.01418    0.00836    0.01655
   3.81631     0.01211    0.00942    0.01433
   3.84284     0.01024    0.01103    0.01338
   3.86937     0.00858    0.01228    0.01140
   3.89590     0.00763    0.01345    0.01012
   3.92243     0.00647    0.01500    0.00854
   3.94896     0.00507    0.01618    0.00737
   3.97550     0.00411    0.01738    0.00640
   4.00203     0.00344    0.01908    0.00565
   4.02856     0.00286    0.02062    0.00453
   4.05509     0.00225    0.02167    0.00348
   4.08162     0.00216    0.02206    0.00329
   4.10815     0.00187    0.02314    0.00294
   4.13468     0.00174    0.02398    0.00293
   4.16121     0.00162    0.02451    0.00251
   4.18775     0.00168    0.02703    0.00220
   4.21428     0.00186    0.02520    0.00253
   4.24081     0.00215    0.02491    0.00280
   4.26734     0.00236    0.02428    0.00265
   4.29387     0.00285    0.02322    0.00331
   4.32040     0.00289    0.02242    0.00361
   4.34693     0.00366    0.02139    0.00369
   4.37347     0.00424    0.02047    0.00463
