 # sepn   no. sepns within range, per species (e.g. (1,1); (1,2); (2,2))
   1.67400     0.00000    0.00000    0.00000
   1.70126     0.00000    0.00000    0.00000
   1.72852     0.00000    0.00002    0.00000
   1.75578     0.00000    0.00004    0.00000
   1.78304     0.00000    0.00010    0.00000
   1.81030     0.00000    0.00017    0.00000
   1.83756     0.00000    0.00033    0.00000
   1.86482     0.00000    0.00065    0.00000
   1.89208     0.00000    0.00102    0.00000
   1.91934     0.00000    0.00149    0.00000
   1.94660     0.00000    0.00220    0.00000
   1.97386     0.00000    0.00305    0.00000
   2.00112     0.00000    0.00439    0.00000
   2.02838     0.00000    0.00576    0.00000
   2.05564     0.00000    0.00748    0.00000
   2.08290     0.00000    0.00937    0.00000
   2.11016     0.00000    0.01098    0.00000
   2.13742     0.00000    0.01289    0.00000
   2.16468     0.00000    0.01454    0.00000
   2.19194     0.00000    0.01614    0.00000
   2.21920     0.00000    0.01762    0.00000
   2.24646     0.00000    0.01901    0.00000
   2.27372     0.00000    0.02005    0.00002
   2.30098     0.00000    0.02019    0.00002
   2.32824     0.00000    0.02035    0.00004
   2.35550     0.00000    0.02085    0.00004
   2.38276     0.00000    0.02087    0.00005
   2.41002     0.00000    0.02175    0.00004
   2.43728     0.00000    0.01988    0.00006
   2.46454     0.00000    0.01922    0.00007
   2.49180     0.00000    0.01839    0.00009
   2.51906     0.00000    0.01775    0.00013
   2.54632     0.00000    0.01665    0.00020
   2.57358     0.00000    0.01592    0.00025
   2.60084     0.00001    0.01479    0.00030
   2.62810     0.00002    0.01355    0.00051
   2.65536     0.00006    0.01217    0.00063
   2.68262     0.00012    0.01148    0.00082
   2.70988     0.00021    0.01026    0.00110
   2.73714     0.00027    0.00919    0.00123
   2.76440     0.00044    0.00833    0.00182
   2.79166     0.00071    0.00738    0.00214
   2.81892     0.00100    0.00651    0.00293
   2.84618     0.00151    0.00567    0.00374
   2.87344     0.00194    0.00505    0.00443
   2.90070     0.00276    0.00445    0.00547
   2.92796     0.00385    0.00389    0.00677
   2.95522     0.00524    0.00341    0.00837
   2.98248     0.00675    0.00276    0.00991
   3.00974     0.00872    0.00235    0.01152
   3.03700     0.01138    0.00193    0.01366
   3.06426     0.01437    0.00169    0.01587
   3.09152     0.01696    0.00142    0.01787
   3.11878     0.01988    0.00120    0.02042
   3.14604     0.02340    0.00098    0.02277
   3.17330     0.02643    0.00078    0.02481
   3.20056     0.02988    0.00059    0.02716
   3.22782     0.03345    0.00045    0.02904
   3.25508     0.03581    0.00044    0.03186
   3.28234     0.03819    0.00042    0.03391
   3.30960     0.04093    0.00039    0.03514
   3.33686     0.04258    0.00036    0.03624
   3.36412     0.04223    0.00037    0.03675
   3.39138     0.04303    0.00042    0.03732
   3.41864     0.04610    0.00051    0.04056
   3.44590     0.04327    0.00060    0.03777
   3.47316     0.04325    0.00074    0.03772
   3.50042     0.04152    0.00107    0.03693
   3.52768     0.03981    0.00122    0.03598
   3.55494     0.03875    0.00150    0.03416
   3.58220     0.03519    0.00195    0.03236
   3.60946     0.03172    0.00245    0.03149
   3.63672     0.02922    0.00292    0.02924
   3.66398     0.02612    0.00349    0.02711
   3.69124     0.02356    0.00428    0.02455
   3.71850     0.02081    0.00515    0.02225
   3.74576     0.01785    0.00614    0.01996
   3.77302     0.01586    0.00740    0.01830
   3.80028     0.01364    0.00870    0.01592
   3.82754     0.01159    0.00984    0.01424
   3.85480     0.00956    0.01170    0.01235
   3.88206     0.00808    0.01280    0.01077
   3.90932     0.00660    0.01437    0.00919
   3.93658     0.00552    0.01572    0.00774
   3.96384     0.00449    0.01751    0.00665
   3.99110     0.00359    0.01912    0.00570
   4.01836     0.00286    0.02080    0.00484
   4.04562     0.00235    0.02236    0.00389
   4.07288     0.00208    0.02307    0.00328
   4.10014     0.00171    0.02416    0.00291
   4.12740     0.00160    0.02501    0.00266
   4.15466     0.00152    0.02563    0.00231
   4.18192     0.00144    0.02762    0.00204
   4.20918     0.00154    0.02583    0.00227
   4.23644     0.00164    0.02623    0.00243
   4.26370     0.00193    0.02540    0.00255
   4.29096     0.00225    0.02473    0.00297
   4.31822     0.00266    0.02354    0.00323
   4.34548     0.00317    0.02284    0.00370
   4.37274     0.00392    0.02134    0.00446
