 # sepn   no. sepns within range, per species (e.g. (1,1); (1,2); (2,2))
   1.87418     0.00000    0.00178    0.00000
   1.89942     0.00000    0.00000    0.00000
   1.92466     0.00000    0.00107    0.00000
   1.94990     0.00000    0.00142    0.00000
   1.97514     0.00000    0.00154    0.00000
   2.00038     0.00000    0.00332    0.00000
   2.02563     0.00000    0.00131    0.00000
   2.05087     0.00000    0.00664    0.00000
   2.07611     0.00000    0.00771    0.00000
   2.10135     0.00000    0.01424    0.00000
   2.12659     0.00000    0.00937    0.00000
   2.15183     0.00000    0.01305    0.00000
   2.17708     0.00000    0.01851    0.00000
   2.20232     0.00000    0.01424    0.00000
   2.22756     0.00000    0.01329    0.00000
   2.25280     0.00000    0.01163    0.00000
   2.27804     0.00000    0.01376    0.00000
   2.30328     0.00000    0.01352    0.00000
   2.32853     0.00000    0.01175    0.00000
   2.35377     0.00000    0.02076    0.00000
   2.37901     0.00000    0.01341    0.00000
   2.40425     0.00000    0.09408    0.00000
   2.42949     0.00000    0.01447    0.00000
   2.45474     0.00000    0.01590    0.00000
   2.47998     0.00000    0.01412    0.00000
   2.50522     0.00000    0.01186    0.00000
   2.53046     0.00000    0.00842    0.00000
   2.55570     0.00000    0.01068    0.00000
   2.58094     0.00000    0.01412    0.00000
   2.60619     0.00000    0.00890    0.00000
   2.63143     0.00000    0.01198    0.00000
   2.65667     0.00000    0.00558    0.00000
   2.68191     0.00000    0.00712    0.00000
   2.70715     0.00000    0.00664    0.00000
   2.73239     0.00000    0.00902    0.00142
   2.75764     0.00000    0.00558    0.00071
   2.78288     0.00569    0.00937    0.00071
   2.80812     0.00344    0.00783    0.00000
   2.83336     0.00225    0.00356    0.00000
   2.85860     0.00486    0.00368    0.00095
   2.88384     0.00392    0.00546    0.00297
   2.90909     0.00403    0.00166    0.00498
   2.93433     0.00119    0.00285    0.00569
   2.95957     0.00047    0.00285    0.00332
   2.98481     0.00119    0.00119    0.00712
   3.01005     0.00107    0.00000    0.01376
   3.03530     0.00403    0.00178    0.01436
   3.06054     0.00914    0.00095    0.01708
   3.08578     0.01566    0.00202    0.01246
   3.11102     0.01258    0.00036    0.00866
   3.13626     0.00878    0.00071    0.01685
   3.16150     0.02064    0.00142    0.02527
   3.18675     0.02669    0.00344    0.01637
   3.21199     0.02349    0.00166    0.02634
   3.23723     0.02396    0.00047    0.02195
   3.26247     0.02076    0.00000    0.03381
   3.28771     0.02954    0.00142    0.03132
   3.31295     0.03108    0.00071    0.02325
   3.33820     0.04259    0.00000    0.02824
   3.36344     0.03832    0.00000    0.02729
   3.38868     0.01874    0.00036    0.03488
   3.41392     0.17891    0.00000    0.19148
   3.43916     0.02266    0.00000    0.01851
   3.46440     0.02064    0.00036    0.02527
   3.48965     0.02610    0.00000    0.02895
   3.51489     0.04971    0.00071    0.03310
   3.54013     0.05125    0.00142    0.02183
   3.56537     0.04247    0.00285    0.02444
   3.59061     0.02752    0.00178    0.02918
   3.61586     0.02219    0.00297    0.02195
   3.64110     0.02610    0.00225    0.03168
   3.66634     0.03286    0.00095    0.01661
   3.69158     0.03298    0.00237    0.01851
   3.71682     0.01329    0.00214    0.01649
   3.74206     0.01127    0.00451    0.01341
   3.76731     0.00581    0.00522    0.01388
   3.79255     0.01305    0.00415    0.01388
   3.81779     0.00747    0.00581    0.01056
   3.84303     0.00356    0.01352    0.01056
   3.86827     0.00308    0.00985    0.00914
   3.89351     0.00403    0.01459    0.01020
   3.91876     0.00973    0.01056    0.00854
   3.94400     0.00214    0.01388    0.00463
   3.96924     0.00000    0.01305    0.00783
   3.99448     0.00000    0.01827    0.00154
   4.01972     0.00000    0.01175    0.00297
   4.04496     0.00119    0.01234    0.00439
   4.07021     0.00119    0.01780    0.00000
   4.09545     0.00237    0.01934    0.00071
   4.12069     0.00000    0.02385    0.00166
   4.14593     0.00000    0.01922    0.00368
   4.17117     0.00000    0.01519    0.00000
   4.19642     0.00000    0.12445    0.00249
   4.22166     0.00095    0.01874    0.00285
   4.24690     0.00095    0.01139    0.00142
   4.27214     0.00000    0.02610    0.00119
   4.29738     0.00095    0.02420    0.00522
   4.32262     0.00095    0.02147    0.00285
   4.34787     0.00736    0.02159    0.00380
   4.37311     0.00403    0.01459    0.00486
